16-Apr-2022 04:49:35.437 INFO [main] org.apache.catalina.startup.VersionLoggerListener.log Server version name:   Apache Tomcat/8.5.78
16-Apr-2022 04:49:35.441 INFO [main] org.apache.catalina.startup.VersionLoggerListener.log Server built:          Mar 31 2022 16:05:28 UTC
16-Apr-2022 04:49:35.444 INFO [main] org.apache.catalina.startup.VersionLoggerListener.log Server version number: 8.5.78.0
16-Apr-2022 04:49:35.445 INFO [main] org.apache.catalina.startup.VersionLoggerListener.log OS Name:               Linux
16-Apr-2022 04:49:35.445 INFO [main] org.apache.catalina.startup.VersionLoggerListener.log OS Version:            5.10.106-102.504.amzn2.x86_64
16-Apr-2022 04:49:35.445 INFO [main] org.apache.catalina.startup.VersionLoggerListener.log Architecture:          amd64
16-Apr-2022 04:49:35.445 INFO [main] org.apache.catalina.startup.VersionLoggerListener.log Java Home:             /usr/lib/jvm/java-1.8.0-openjdk-1.8.0.312.b07-1.amzn2.0.2.x86_64/jre
16-Apr-2022 04:49:35.446 INFO [main] org.apache.catalina.startup.VersionLoggerListener.log JVM Version:           1.8.0_312-b07
16-Apr-2022 04:49:35.446 INFO [main] org.apache.catalina.startup.VersionLoggerListener.log JVM Vendor:            Red Hat, Inc.
16-Apr-2022 04:49:35.446 INFO [main] org.apache.catalina.startup.VersionLoggerListener.log CATALINA_BASE:         /root/apache-tomcat-8.5.78
16-Apr-2022 04:49:35.446 INFO [main] org.apache.catalina.startup.VersionLoggerListener.log CATALINA_HOME:         /root/apache-tomcat-8.5.78
16-Apr-2022 04:49:35.447 INFO [main] org.apache.catalina.startup.VersionLoggerListener.log Command line argument: -Djava.util.logging.config.file=/root/apache-tomcat-8.5.78/conf/logging.properties
16-Apr-2022 04:49:35.448 INFO [main] org.apache.catalina.startup.VersionLoggerListener.log Command line argument: -Djava.util.logging.manager=org.apache.juli.ClassLoaderLogManager
16-Apr-2022 04:49:35.448 INFO [main] org.apache.catalina.startup.VersionLoggerListener.log Command line argument: -Djdk.tls.ephemeralDHKeySize=2048
16-Apr-2022 04:49:35.448 INFO [main] org.apache.catalina.startup.VersionLoggerListener.log Command line argument: -Djava.protocol.handler.pkgs=org.apache.catalina.webresources
16-Apr-2022 04:49:35.448 INFO [main] org.apache.catalina.startup.VersionLoggerListener.log Command line argument: -Dorg.apache.catalina.security.SecurityListener.UMASK=0027
16-Apr-2022 04:49:35.451 INFO [main] org.apache.catalina.startup.VersionLoggerListener.log Command line argument: -Dignore.endorsed.dirs=
16-Apr-2022 04:49:35.457 INFO [main] org.apache.catalina.startup.VersionLoggerListener.log Command line argument: -Dcatalina.base=/root/apache-tomcat-8.5.78
16-Apr-2022 04:49:35.458 INFO [main] org.apache.catalina.startup.VersionLoggerListener.log Command line argument: -Dcatalina.home=/root/apache-tomcat-8.5.78
16-Apr-2022 04:49:35.460 INFO [main] org.apache.catalina.startup.VersionLoggerListener.log Command line argument: -Djava.io.tmpdir=/root/apache-tomcat-8.5.78/temp
16-Apr-2022 04:49:35.460 INFO [main] org.apache.catalina.core.AprLifecycleListener.lifecycleEvent The Apache Tomcat Native library which allows using OpenSSL was not found on the java.library.path: [/usr/java/packages/lib/amd64:/usr/lib64:/lib64:/lib:/usr/lib]
16-Apr-2022 04:49:35.696 INFO [main] org.apache.coyote.AbstractProtocol.init Initializing ProtocolHandler ["http-nio-8080"]
16-Apr-2022 04:49:35.736 SEVERE [main] org.apache.catalina.core.StandardService.initInternal Failed to initialize connector [Connector[HTTP/1.1-8080]]
	org.apache.catalina.LifecycleException: Protocol handler initialization failed
		at org.apache.catalina.connector.Connector.initInternal(Connector.java:1114)
		at org.apache.catalina.util.LifecycleBase.init(LifecycleBase.java:136)
		at org.apache.catalina.core.StandardService.initInternal(StandardService.java:571)
		at org.apache.catalina.util.LifecycleBase.init(LifecycleBase.java:136)
		at org.apache.catalina.core.StandardServer.initInternal(StandardServer.java:874)
		at org.apache.catalina.util.LifecycleBase.init(LifecycleBase.java:136)
		at org.apache.catalina.startup.Catalina.load(Catalina.java:646)
		at org.apache.catalina.startup.Catalina.load(Catalina.java:669)
		at sun.reflect.NativeMethodAccessorImpl.invoke0(Native Method)
		at sun.reflect.NativeMethodAccessorImpl.invoke(NativeMethodAccessorImpl.java:62)
		at sun.reflect.DelegatingMethodAccessorImpl.invoke(DelegatingMethodAccessorImpl.java:43)
		at java.lang.reflect.Method.invoke(Method.java:498)
		at org.apache.catalina.startup.Bootstrap.load(Bootstrap.java:305)
		at org.apache.catalina.startup.Bootstrap.main(Bootstrap.java:475)
	Caused by: java.net.BindException: Address already in use
		at sun.nio.ch.Net.bind0(Native Method)
		at sun.nio.ch.Net.bind(Net.java:461)
		at sun.nio.ch.Net.bind(Net.java:453)
		at sun.nio.ch.ServerSocketChannelImpl.bind(ServerSocketChannelImpl.java:222)
		at sun.nio.ch.ServerSocketAdaptor.bind(ServerSocketAdaptor.java:85)
		at org.apache.tomcat.util.net.NioEndpoint.initServerSocket(NioEndpoint.java:224)
		at org.apache.tomcat.util.net.NioEndpoint.bind(NioEndpoint.java:200)
		at org.apache.tomcat.util.net.AbstractEndpoint.bindWithCleanup(AbstractEndpoint.java:1221)
		at org.apache.tomcat.util.net.AbstractEndpoint.init(AbstractEndpoint.java:1234)
		at org.apache.tomcat.util.net.AbstractJsseEndpoint.init(AbstractJsseEndpoint.java:230)
		at org.apache.coyote.AbstractProtocol.init(AbstractProtocol.java:633)
		at org.apache.coyote.http11.AbstractHttp11Protocol.init(AbstractHttp11Protocol.java:80)
		at org.apache.catalina.connector.Connector.initInternal(Connector.java:1111)
		... 13 more
16-Apr-2022 04:49:35.737 INFO [main] org.apache.catalina.startup.Catalina.load Initialization processed in 1416 ms
16-Apr-2022 04:49:35.844 INFO [main] org.apache.catalina.core.StandardService.startInternal Starting service [Catalina]
16-Apr-2022 04:49:35.845 INFO [main] org.apache.catalina.core.StandardEngine.startInternal Starting Servlet engine: [Apache Tomcat/8.5.78]
16-Apr-2022 04:49:35.872 INFO [localhost-startStop-1] org.apache.catalina.startup.HostConfig.deployDirectory Deploying web application directory [/root/apache-tomcat-8.5.78/webapps/ROOT]
16-Apr-2022 04:49:36.554 INFO [localhost-startStop-1] org.apache.catalina.startup.HostConfig.deployDirectory Deployment of web application directory [/root/apache-tomcat-8.5.78/webapps/ROOT] has finished in [681] ms
16-Apr-2022 04:49:36.564 INFO [localhost-startStop-1] org.apache.catalina.startup.HostConfig.deployDirectory Deploying web application directory [/root/apache-tomcat-8.5.78/webapps/docs]
16-Apr-2022 04:49:36.616 INFO [localhost-startStop-1] org.apache.catalina.startup.HostConfig.deployDirectory Deployment of web application directory [/root/apache-tomcat-8.5.78/webapps/docs] has finished in [52] ms
16-Apr-2022 04:49:36.620 INFO [localhost-startStop-1] org.apache.catalina.startup.HostConfig.deployDirectory Deploying web application directory [/root/apache-tomcat-8.5.78/webapps/examples]
16-Apr-2022 04:49:37.261 INFO [localhost-startStop-1] org.apache.catalina.startup.HostConfig.deployDirectory Deployment of web application directory [/root/apache-tomcat-8.5.78/webapps/examples] has finished in [640] ms
16-Apr-2022 04:49:37.265 INFO [localhost-startStop-1] org.apache.catalina.startup.HostConfig.deployDirectory Deploying web application directory [/root/apache-tomcat-8.5.78/webapps/host-manager]
16-Apr-2022 04:49:37.331 INFO [localhost-startStop-1] org.apache.catalina.startup.HostConfig.deployDirectory Deployment of web application directory [/root/apache-tomcat-8.5.78/webapps/host-manager] has finished in [66] ms
16-Apr-2022 04:49:37.331 INFO [localhost-startStop-1] org.apache.catalina.startup.HostConfig.deployDirectory Deploying web application directory [/root/apache-tomcat-8.5.78/webapps/manager]
16-Apr-2022 04:49:37.386 INFO [localhost-startStop-1] org.apache.catalina.startup.HostConfig.deployDirectory Deployment of web application directory [/root/apache-tomcat-8.5.78/webapps/manager] has finished in [55] ms
16-Apr-2022 04:49:37.389 INFO [main] org.apache.catalina.startup.Catalina.start Server startup in 1651 ms
16-Apr-2022 05:00:52.339 INFO [main] org.apache.catalina.core.StandardServer.await A valid shutdown command was received via the shutdown port. Stopping the Server instance.
16-Apr-2022 05:00:52.340 INFO [main] org.apache.coyote.AbstractProtocol.pause Pausing ProtocolHandler ["http-nio-8080"]
16-Apr-2022 05:00:52.340 INFO [main] org.apache.catalina.core.StandardService.stopInternal Stopping service [Catalina]
16-Apr-2022 05:00:52.416 INFO [main] org.apache.coyote.AbstractProtocol.stop Stopping ProtocolHandler ["http-nio-8080"]
16-Apr-2022 05:00:52.417 INFO [main] org.apache.coyote.AbstractProtocol.destroy Destroying ProtocolHandler ["http-nio-8080"]
16-Apr-2022 05:01:50.953 INFO [main] org.apache.catalina.startup.VersionLoggerListener.log Server version name:   Apache Tomcat/8.5.78
16-Apr-2022 05:01:50.958 INFO [main] org.apache.catalina.startup.VersionLoggerListener.log Server built:          Mar 31 2022 16:05:28 UTC
16-Apr-2022 05:01:50.959 INFO [main] org.apache.catalina.startup.VersionLoggerListener.log Server version number: 8.5.78.0
16-Apr-2022 05:01:50.959 INFO [main] org.apache.catalina.startup.VersionLoggerListener.log OS Name:               Linux
16-Apr-2022 05:01:50.959 INFO [main] org.apache.catalina.startup.VersionLoggerListener.log OS Version:            5.10.106-102.504.amzn2.x86_64
16-Apr-2022 05:01:50.959 INFO [main] org.apache.catalina.startup.VersionLoggerListener.log Architecture:          amd64
16-Apr-2022 05:01:50.960 INFO [main] org.apache.catalina.startup.VersionLoggerListener.log Java Home:             /usr/lib/jvm/java-1.8.0-openjdk-1.8.0.312.b07-1.amzn2.0.2.x86_64/jre
16-Apr-2022 05:01:50.963 INFO [main] org.apache.catalina.startup.VersionLoggerListener.log JVM Version:           1.8.0_312-b07
16-Apr-2022 05:01:50.964 INFO [main] org.apache.catalina.startup.VersionLoggerListener.log JVM Vendor:            Red Hat, Inc.
16-Apr-2022 05:01:50.964 INFO [main] org.apache.catalina.startup.VersionLoggerListener.log CATALINA_BASE:         /root/apache-tomcat-8.5.78
16-Apr-2022 05:01:50.964 INFO [main] org.apache.catalina.startup.VersionLoggerListener.log CATALINA_HOME:         /root/apache-tomcat-8.5.78
16-Apr-2022 05:01:50.964 INFO [main] org.apache.catalina.startup.VersionLoggerListener.log Command line argument: -Djava.util.logging.config.file=/root/apache-tomcat-8.5.78/conf/logging.properties
16-Apr-2022 05:01:50.965 INFO [main] org.apache.catalina.startup.VersionLoggerListener.log Command line argument: -Djava.util.logging.manager=org.apache.juli.ClassLoaderLogManager
16-Apr-2022 05:01:50.965 INFO [main] org.apache.catalina.startup.VersionLoggerListener.log Command line argument: -Djdk.tls.ephemeralDHKeySize=2048
16-Apr-2022 05:01:50.965 INFO [main] org.apache.catalina.startup.VersionLoggerListener.log Command line argument: -Djava.protocol.handler.pkgs=org.apache.catalina.webresources
16-Apr-2022 05:01:50.967 INFO [main] org.apache.catalina.startup.VersionLoggerListener.log Command line argument: -Dorg.apache.catalina.security.SecurityListener.UMASK=0027
16-Apr-2022 05:01:50.970 INFO [main] org.apache.catalina.startup.VersionLoggerListener.log Command line argument: -Dignore.endorsed.dirs=
16-Apr-2022 05:01:50.976 INFO [main] org.apache.catalina.startup.VersionLoggerListener.log Command line argument: -Dcatalina.base=/root/apache-tomcat-8.5.78
16-Apr-2022 05:01:50.976 INFO [main] org.apache.catalina.startup.VersionLoggerListener.log Command line argument: -Dcatalina.home=/root/apache-tomcat-8.5.78
16-Apr-2022 05:01:50.978 INFO [main] org.apache.catalina.startup.VersionLoggerListener.log Command line argument: -Djava.io.tmpdir=/root/apache-tomcat-8.5.78/temp
16-Apr-2022 05:01:50.984 INFO [main] org.apache.catalina.core.AprLifecycleListener.lifecycleEvent The Apache Tomcat Native library which allows using OpenSSL was not found on the java.library.path: [/usr/java/packages/lib/amd64:/usr/lib64:/lib64:/lib:/usr/lib]
16-Apr-2022 05:01:51.205 INFO [main] org.apache.coyote.AbstractProtocol.init Initializing ProtocolHandler ["http-nio-8090"]
16-Apr-2022 05:01:51.286 INFO [main] org.apache.catalina.startup.Catalina.load Initialization processed in 1647 ms
16-Apr-2022 05:01:51.391 INFO [main] org.apache.catalina.core.StandardService.startInternal Starting service [Catalina]
16-Apr-2022 05:01:51.392 INFO [main] org.apache.catalina.core.StandardEngine.startInternal Starting Servlet engine: [Apache Tomcat/8.5.78]
16-Apr-2022 05:01:51.426 INFO [localhost-startStop-1] org.apache.catalina.startup.HostConfig.deployDirectory Deploying web application directory [/root/apache-tomcat-8.5.78/webapps/ROOT]
16-Apr-2022 05:01:51.927 INFO [localhost-startStop-1] org.apache.jasper.servlet.TldScanner.scanJars At least one JAR was scanned for TLDs yet contained no TLDs. Enable debug logging for this logger for a complete list of JARs that were scanned but no TLDs were found in them. Skipping unneeded JARs during scanning can improve startup time and JSP compilation time.
16-Apr-2022 05:01:52.083 INFO [localhost-startStop-1] org.apache.catalina.startup.HostConfig.deployDirectory Deployment of web application directory [/root/apache-tomcat-8.5.78/webapps/ROOT] has finished in [656] ms
16-Apr-2022 05:01:52.095 INFO [localhost-startStop-1] org.apache.catalina.startup.HostConfig.deployDirectory Deploying web application directory [/root/apache-tomcat-8.5.78/webapps/docs]
16-Apr-2022 05:01:52.158 INFO [localhost-startStop-1] org.apache.jasper.servlet.TldScanner.scanJars At least one JAR was scanned for TLDs yet contained no TLDs. Enable debug logging for this logger for a complete list of JARs that were scanned but no TLDs were found in them. Skipping unneeded JARs during scanning can improve startup time and JSP compilation time.
16-Apr-2022 05:01:52.165 INFO [localhost-startStop-1] org.apache.catalina.startup.HostConfig.deployDirectory Deployment of web application directory [/root/apache-tomcat-8.5.78/webapps/docs] has finished in [70] ms
16-Apr-2022 05:01:52.165 INFO [localhost-startStop-1] org.apache.catalina.startup.HostConfig.deployDirectory Deploying web application directory [/root/apache-tomcat-8.5.78/webapps/examples]
16-Apr-2022 05:01:52.657 INFO [localhost-startStop-1] org.apache.jasper.servlet.TldScanner.scanJars At least one JAR was scanned for TLDs yet contained no TLDs. Enable debug logging for this logger for a complete list of JARs that were scanned but no TLDs were found in them. Skipping unneeded JARs during scanning can improve startup time and JSP compilation time.
16-Apr-2022 05:01:52.776 INFO [localhost-startStop-1] org.apache.catalina.startup.HostConfig.deployDirectory Deployment of web application directory [/root/apache-tomcat-8.5.78/webapps/examples] has finished in [611] ms
16-Apr-2022 05:01:52.779 INFO [localhost-startStop-1] org.apache.catalina.startup.HostConfig.deployDirectory Deploying web application directory [/root/apache-tomcat-8.5.78/webapps/host-manager]
16-Apr-2022 05:01:52.905 INFO [localhost-startStop-1] org.apache.jasper.servlet.TldScanner.scanJars At least one JAR was scanned for TLDs yet contained no TLDs. Enable debug logging for this logger for a complete list of JARs that were scanned but no TLDs were found in them. Skipping unneeded JARs during scanning can improve startup time and JSP compilation time.
16-Apr-2022 05:01:52.917 INFO [localhost-startStop-1] org.apache.catalina.startup.HostConfig.deployDirectory Deployment of web application directory [/root/apache-tomcat-8.5.78/webapps/host-manager] has finished in [138] ms
16-Apr-2022 05:01:52.917 INFO [localhost-startStop-1] org.apache.catalina.startup.HostConfig.deployDirectory Deploying web application directory [/root/apache-tomcat-8.5.78/webapps/manager]
16-Apr-2022 05:01:52.978 INFO [localhost-startStop-1] org.apache.jasper.servlet.TldScanner.scanJars At least one JAR was scanned for TLDs yet contained no TLDs. Enable debug logging for this logger for a complete list of JARs that were scanned but no TLDs were found in them. Skipping unneeded JARs during scanning can improve startup time and JSP compilation time.
16-Apr-2022 05:01:52.988 INFO [localhost-startStop-1] org.apache.catalina.startup.HostConfig.deployDirectory Deployment of web application directory [/root/apache-tomcat-8.5.78/webapps/manager] has finished in [71] ms
16-Apr-2022 05:01:52.992 INFO [main] org.apache.coyote.AbstractProtocol.start Starting ProtocolHandler ["http-nio-8090"]
16-Apr-2022 05:01:53.047 INFO [main] org.apache.catalina.startup.Catalina.start Server startup in 1760 ms
16-Apr-2022 05:40:23.223 INFO [ContainerBackgroundProcessor[StandardEngine[Catalina]]] org.apache.catalina.startup.HostConfig.undeploy Undeploying context [/host-manager]
16-Apr-2022 05:40:23.254 INFO [localhost-startStop-2] org.apache.catalina.startup.HostConfig.deployDirectory Deploying web application directory [/root/apache-tomcat-8.5.78/webapps/host-manager]
16-Apr-2022 05:40:23.295 INFO [localhost-startStop-2] org.apache.jasper.servlet.TldScanner.scanJars At least one JAR was scanned for TLDs yet contained no TLDs. Enable debug logging for this logger for a complete list of JARs that were scanned but no TLDs were found in them. Skipping unneeded JARs during scanning can improve startup time and JSP compilation time.
16-Apr-2022 05:40:23.302 INFO [localhost-startStop-2] org.apache.catalina.startup.HostConfig.deployDirectory Deployment of web application directory [/root/apache-tomcat-8.5.78/webapps/host-manager] has finished in [48] ms
16-Apr-2022 05:42:23.312 INFO [ContainerBackgroundProcessor[StandardEngine[Catalina]]] org.apache.catalina.startup.HostConfig.undeploy Undeploying context [/manager]
16-Apr-2022 05:42:23.328 INFO [localhost-startStop-3] org.apache.catalina.startup.HostConfig.deployDirectory Deploying web application directory [/root/apache-tomcat-8.5.78/webapps/manager]
16-Apr-2022 05:42:23.368 INFO [localhost-startStop-3] org.apache.jasper.servlet.TldScanner.scanJars At least one JAR was scanned for TLDs yet contained no TLDs. Enable debug logging for this logger for a complete list of JARs that were scanned but no TLDs were found in them. Skipping unneeded JARs during scanning can improve startup time and JSP compilation time.
16-Apr-2022 05:42:23.371 INFO [localhost-startStop-3] org.apache.catalina.startup.HostConfig.deployDirectory Deployment of web application directory [/root/apache-tomcat-8.5.78/webapps/manager] has finished in [43] ms
16-Apr-2022 05:42:49.822 INFO [main] org.apache.catalina.core.StandardServer.await A valid shutdown command was received via the shutdown port. Stopping the Server instance.
16-Apr-2022 05:42:49.822 INFO [main] org.apache.coyote.AbstractProtocol.pause Pausing ProtocolHandler ["http-nio-8090"]
16-Apr-2022 05:42:49.828 INFO [main] org.apache.catalina.core.StandardService.stopInternal Stopping service [Catalina]
16-Apr-2022 05:42:49.874 INFO [main] org.apache.coyote.AbstractProtocol.stop Stopping ProtocolHandler ["http-nio-8090"]
16-Apr-2022 05:42:49.884 INFO [main] org.apache.coyote.AbstractProtocol.destroy Destroying ProtocolHandler ["http-nio-8090"]
16-Apr-2022 05:43:04.729 INFO [main] org.apache.catalina.startup.VersionLoggerListener.log Server version name:   Apache Tomcat/8.5.78
16-Apr-2022 05:43:04.733 INFO [main] org.apache.catalina.startup.VersionLoggerListener.log Server built:          Mar 31 2022 16:05:28 UTC
16-Apr-2022 05:43:04.733 INFO [main] org.apache.catalina.startup.VersionLoggerListener.log Server version number: 8.5.78.0
16-Apr-2022 05:43:04.734 INFO [main] org.apache.catalina.startup.VersionLoggerListener.log OS Name:               Linux
16-Apr-2022 05:43:04.734 INFO [main] org.apache.catalina.startup.VersionLoggerListener.log OS Version:            5.10.106-102.504.amzn2.x86_64
16-Apr-2022 05:43:04.734 INFO [main] org.apache.catalina.startup.VersionLoggerListener.log Architecture:          amd64
16-Apr-2022 05:43:04.736 INFO [main] org.apache.catalina.startup.VersionLoggerListener.log Java Home:             /usr/lib/jvm/java-1.8.0-openjdk-1.8.0.312.b07-1.amzn2.0.2.x86_64/jre
16-Apr-2022 05:43:04.736 INFO [main] org.apache.catalina.startup.VersionLoggerListener.log JVM Version:           1.8.0_312-b07
16-Apr-2022 05:43:04.736 INFO [main] org.apache.catalina.startup.VersionLoggerListener.log JVM Vendor:            Red Hat, Inc.
16-Apr-2022 05:43:04.736 INFO [main] org.apache.catalina.startup.VersionLoggerListener.log CATALINA_BASE:         /root/apache-tomcat-8.5.78
16-Apr-2022 05:43:04.737 INFO [main] org.apache.catalina.startup.VersionLoggerListener.log CATALINA_HOME:         /root/apache-tomcat-8.5.78
16-Apr-2022 05:43:04.737 INFO [main] org.apache.catalina.startup.VersionLoggerListener.log Command line argument: -Djava.util.logging.config.file=/root/apache-tomcat-8.5.78/conf/logging.properties
16-Apr-2022 05:43:04.737 INFO [main] org.apache.catalina.startup.VersionLoggerListener.log Command line argument: -Djava.util.logging.manager=org.apache.juli.ClassLoaderLogManager
16-Apr-2022 05:43:04.740 INFO [main] org.apache.catalina.startup.VersionLoggerListener.log Command line argument: -Djdk.tls.ephemeralDHKeySize=2048
16-Apr-2022 05:43:04.740 INFO [main] org.apache.catalina.startup.VersionLoggerListener.log Command line argument: -Djava.protocol.handler.pkgs=org.apache.catalina.webresources
16-Apr-2022 05:43:04.742 INFO [main] org.apache.catalina.startup.VersionLoggerListener.log Command line argument: -Dorg.apache.catalina.security.SecurityListener.UMASK=0027
16-Apr-2022 05:43:04.745 INFO [main] org.apache.catalina.startup.VersionLoggerListener.log Command line argument: -Dignore.endorsed.dirs=
16-Apr-2022 05:43:04.745 INFO [main] org.apache.catalina.startup.VersionLoggerListener.log Command line argument: -Dcatalina.base=/root/apache-tomcat-8.5.78
16-Apr-2022 05:43:04.745 INFO [main] org.apache.catalina.startup.VersionLoggerListener.log Command line argument: -Dcatalina.home=/root/apache-tomcat-8.5.78
16-Apr-2022 05:43:04.747 INFO [main] org.apache.catalina.startup.VersionLoggerListener.log Command line argument: -Djava.io.tmpdir=/root/apache-tomcat-8.5.78/temp
16-Apr-2022 05:43:04.748 INFO [main] org.apache.catalina.core.AprLifecycleListener.lifecycleEvent The Apache Tomcat Native library which allows using OpenSSL was not found on the java.library.path: [/usr/java/packages/lib/amd64:/usr/lib64:/lib64:/lib:/usr/lib]
16-Apr-2022 05:43:04.935 INFO [main] org.apache.coyote.AbstractProtocol.init Initializing ProtocolHandler ["http-nio-8090"]
16-Apr-2022 05:43:04.998 INFO [main] org.apache.catalina.startup.Catalina.load Initialization processed in 1295 ms
16-Apr-2022 05:43:05.109 INFO [main] org.apache.catalina.core.StandardService.startInternal Starting service [Catalina]
16-Apr-2022 05:43:05.110 INFO [main] org.apache.catalina.core.StandardEngine.startInternal Starting Servlet engine: [Apache Tomcat/8.5.78]
16-Apr-2022 05:43:05.138 INFO [localhost-startStop-1] org.apache.catalina.startup.HostConfig.deployDirectory Deploying web application directory [/root/apache-tomcat-8.5.78/webapps/ROOT]
16-Apr-2022 05:43:05.801 INFO [localhost-startStop-1] org.apache.catalina.startup.HostConfig.deployDirectory Deployment of web application directory [/root/apache-tomcat-8.5.78/webapps/ROOT] has finished in [662] ms
16-Apr-2022 05:43:05.808 INFO [localhost-startStop-1] org.apache.catalina.startup.HostConfig.deployDirectory Deploying web application directory [/root/apache-tomcat-8.5.78/webapps/docs]
16-Apr-2022 05:43:05.854 INFO [localhost-startStop-1] org.apache.catalina.startup.HostConfig.deployDirectory Deployment of web application directory [/root/apache-tomcat-8.5.78/webapps/docs] has finished in [46] ms
16-Apr-2022 05:43:05.858 INFO [localhost-startStop-1] org.apache.catalina.startup.HostConfig.deployDirectory Deploying web application directory [/root/apache-tomcat-8.5.78/webapps/examples]
16-Apr-2022 05:43:06.473 INFO [localhost-startStop-1] org.apache.catalina.startup.HostConfig.deployDirectory Deployment of web application directory [/root/apache-tomcat-8.5.78/webapps/examples] has finished in [615] ms
16-Apr-2022 05:43:06.476 INFO [localhost-startStop-1] org.apache.catalina.startup.HostConfig.deployDirectory Deploying web application directory [/root/apache-tomcat-8.5.78/webapps/host-manager]
16-Apr-2022 05:43:06.536 INFO [localhost-startStop-1] org.apache.catalina.startup.HostConfig.deployDirectory Deployment of web application directory [/root/apache-tomcat-8.5.78/webapps/host-manager] has finished in [60] ms
16-Apr-2022 05:43:06.537 INFO [localhost-startStop-1] org.apache.catalina.startup.HostConfig.deployDirectory Deploying web application directory [/root/apache-tomcat-8.5.78/webapps/manager]
16-Apr-2022 05:43:06.588 INFO [localhost-startStop-1] org.apache.catalina.startup.HostConfig.deployDirectory Deployment of web application directory [/root/apache-tomcat-8.5.78/webapps/manager] has finished in [51] ms
16-Apr-2022 05:43:06.594 INFO [main] org.apache.coyote.AbstractProtocol.start Starting ProtocolHandler ["http-nio-8090"]
16-Apr-2022 05:43:06.659 INFO [main] org.apache.catalina.startup.Catalina.start Server startup in 1660 ms
16-Apr-2022 05:51:06.662 INFO [ContainerBackgroundProcessor[StandardEngine[Catalina]]] org.apache.catalina.users.MemoryUserDatabase.backgroundProcess Reloading memory user database [UserDatabase] from updated source [file:/root/apache-tomcat-8.5.78/conf/tomcat-users.xml]
16-Apr-2022 05:51:06.684 SEVERE [ContainerBackgroundProcessor[StandardEngine[Catalina]]] org.apache.tomcat.util.digester.Digester.fatalError Parse Fatal Error at line 63 column 5: The element type "tomcat-users" must be terminated by the matching end-tag "</tomcat-users>".
	org.xml.sax.SAXParseException; lineNumber: 63; columnNumber: 5; The element type "tomcat-users" must be terminated by the matching end-tag "</tomcat-users>".
		at com.sun.org.apache.xerces.internal.util.ErrorHandlerWrapper.createSAXParseException(ErrorHandlerWrapper.java:203)
		at com.sun.org.apache.xerces.internal.util.ErrorHandlerWrapper.fatalError(ErrorHandlerWrapper.java:177)
		at com.sun.org.apache.xerces.internal.impl.XMLErrorReporter.reportError(XMLErrorReporter.java:400)
		at com.sun.org.apache.xerces.internal.impl.XMLErrorReporter.reportError(XMLErrorReporter.java:327)
		at com.sun.org.apache.xerces.internal.impl.XMLScanner.reportFatalError(XMLScanner.java:1473)
		at com.sun.org.apache.xerces.internal.impl.XMLDocumentFragmentScannerImpl.scanEndElement(XMLDocumentFragmentScannerImpl.java:1749)
		at com.sun.org.apache.xerces.internal.impl.XMLDocumentFragmentScannerImpl$FragmentContentDriver.next(XMLDocumentFragmentScannerImpl.java:2967)
		at com.sun.org.apache.xerces.internal.impl.XMLDocumentScannerImpl.next(XMLDocumentScannerImpl.java:602)
		at com.sun.org.apache.xerces.internal.impl.XMLDocumentFragmentScannerImpl.scanDocument(XMLDocumentFragmentScannerImpl.java:505)
		at com.sun.org.apache.xerces.internal.parsers.XML11Configuration.parse(XML11Configuration.java:842)
		at com.sun.org.apache.xerces.internal.parsers.XML11Configuration.parse(XML11Configuration.java:771)
		at com.sun.org.apache.xerces.internal.parsers.XMLParser.parse(XMLParser.java:141)
		at com.sun.org.apache.xerces.internal.parsers.AbstractSAXParser.parse(AbstractSAXParser.java:1213)
		at com.sun.org.apache.xerces.internal.jaxp.SAXParserImpl$JAXPSAXParser.parse(SAXParserImpl.java:643)
		at org.apache.tomcat.util.digester.Digester.parse(Digester.java:1513)
		at org.apache.catalina.users.MemoryUserDatabase.open(MemoryUserDatabase.java:453)
		at org.apache.catalina.users.MemoryUserDatabase.backgroundProcess(MemoryUserDatabase.java:704)
		at org.apache.catalina.realm.UserDatabaseRealm.backgroundProcess(UserDatabaseRealm.java:138)
		at org.apache.catalina.realm.CombinedRealm.backgroundProcess(CombinedRealm.java:308)
		at org.apache.catalina.core.ContainerBase.backgroundProcess(ContainerBase.java:1156)
		at org.apache.catalina.core.ContainerBase$ContainerBackgroundProcessor.processChildren(ContainerBase.java:1396)
		at org.apache.catalina.core.ContainerBase$ContainerBackgroundProcessor.run(ContainerBase.java:1368)
		at java.lang.Thread.run(Thread.java:748)
16-Apr-2022 05:51:06.685 SEVERE [ContainerBackgroundProcessor[StandardEngine[Catalina]]] org.apache.catalina.users.MemoryUserDatabase.backgroundProcess Error reloading memory user database [UserDatabase] from updated source [file:/root/apache-tomcat-8.5.78/conf/tomcat-users.xml]
	org.xml.sax.SAXParseException; lineNumber: 63; columnNumber: 5; The element type "tomcat-users" must be terminated by the matching end-tag "</tomcat-users>".
		at com.sun.org.apache.xerces.internal.parsers.AbstractSAXParser.parse(AbstractSAXParser.java:1239)
		at com.sun.org.apache.xerces.internal.jaxp.SAXParserImpl$JAXPSAXParser.parse(SAXParserImpl.java:643)
		at org.apache.tomcat.util.digester.Digester.parse(Digester.java:1513)
		at org.apache.catalina.users.MemoryUserDatabase.open(MemoryUserDatabase.java:453)
		at org.apache.catalina.users.MemoryUserDatabase.backgroundProcess(MemoryUserDatabase.java:704)
		at org.apache.catalina.realm.UserDatabaseRealm.backgroundProcess(UserDatabaseRealm.java:138)
		at org.apache.catalina.realm.CombinedRealm.backgroundProcess(CombinedRealm.java:308)
		at org.apache.catalina.core.ContainerBase.backgroundProcess(ContainerBase.java:1156)
		at org.apache.catalina.core.ContainerBase$ContainerBackgroundProcessor.processChildren(ContainerBase.java:1396)
		at org.apache.catalina.core.ContainerBase$ContainerBackgroundProcessor.run(ContainerBase.java:1368)
		at java.lang.Thread.run(Thread.java:748)
16-Apr-2022 05:51:36.256 INFO [main] org.apache.catalina.core.StandardServer.await A valid shutdown command was received via the shutdown port. Stopping the Server instance.
16-Apr-2022 05:51:36.256 INFO [main] org.apache.coyote.AbstractProtocol.pause Pausing ProtocolHandler ["http-nio-8090"]
16-Apr-2022 05:51:36.261 INFO [main] org.apache.catalina.core.StandardService.stopInternal Stopping service [Catalina]
16-Apr-2022 05:51:36.315 INFO [main] org.apache.coyote.AbstractProtocol.stop Stopping ProtocolHandler ["http-nio-8090"]
16-Apr-2022 05:51:36.324 INFO [main] org.apache.coyote.AbstractProtocol.destroy Destroying ProtocolHandler ["http-nio-8090"]
16-Apr-2022 05:51:45.091 INFO [main] org.apache.catalina.startup.VersionLoggerListener.log Server version name:   Apache Tomcat/8.5.78
16-Apr-2022 05:51:45.094 INFO [main] org.apache.catalina.startup.VersionLoggerListener.log Server built:          Mar 31 2022 16:05:28 UTC
16-Apr-2022 05:51:45.094 INFO [main] org.apache.catalina.startup.VersionLoggerListener.log Server version number: 8.5.78.0
16-Apr-2022 05:51:45.095 INFO [main] org.apache.catalina.startup.VersionLoggerListener.log OS Name:               Linux
16-Apr-2022 05:51:45.095 INFO [main] org.apache.catalina.startup.VersionLoggerListener.log OS Version:            5.10.106-102.504.amzn2.x86_64
16-Apr-2022 05:51:45.096 INFO [main] org.apache.catalina.startup.VersionLoggerListener.log Architecture:          amd64
16-Apr-2022 05:51:45.096 INFO [main] org.apache.catalina.startup.VersionLoggerListener.log Java Home:             /usr/lib/jvm/java-1.8.0-openjdk-1.8.0.312.b07-1.amzn2.0.2.x86_64/jre
16-Apr-2022 05:51:45.096 INFO [main] org.apache.catalina.startup.VersionLoggerListener.log JVM Version:           1.8.0_312-b07
16-Apr-2022 05:51:45.100 INFO [main] org.apache.catalina.startup.VersionLoggerListener.log JVM Vendor:            Red Hat, Inc.
16-Apr-2022 05:51:45.100 INFO [main] org.apache.catalina.startup.VersionLoggerListener.log CATALINA_BASE:         /root/apache-tomcat-8.5.78
16-Apr-2022 05:51:45.100 INFO [main] org.apache.catalina.startup.VersionLoggerListener.log CATALINA_HOME:         /root/apache-tomcat-8.5.78
16-Apr-2022 05:51:45.101 INFO [main] org.apache.catalina.startup.VersionLoggerListener.log Command line argument: -Djava.util.logging.config.file=/root/apache-tomcat-8.5.78/conf/logging.properties
16-Apr-2022 05:51:45.101 INFO [main] org.apache.catalina.startup.VersionLoggerListener.log Command line argument: -Djava.util.logging.manager=org.apache.juli.ClassLoaderLogManager
16-Apr-2022 05:51:45.101 INFO [main] org.apache.catalina.startup.VersionLoggerListener.log Command line argument: -Djdk.tls.ephemeralDHKeySize=2048
16-Apr-2022 05:51:45.101 INFO [main] org.apache.catalina.startup.VersionLoggerListener.log Command line argument: -Djava.protocol.handler.pkgs=org.apache.catalina.webresources
16-Apr-2022 05:51:45.102 INFO [main] org.apache.catalina.startup.VersionLoggerListener.log Command line argument: -Dorg.apache.catalina.security.SecurityListener.UMASK=0027
16-Apr-2022 05:51:45.104 INFO [main] org.apache.catalina.startup.VersionLoggerListener.log Command line argument: -Dignore.endorsed.dirs=
16-Apr-2022 05:51:45.108 INFO [main] org.apache.catalina.startup.VersionLoggerListener.log Command line argument: -Dcatalina.base=/root/apache-tomcat-8.5.78
16-Apr-2022 05:51:45.108 INFO [main] org.apache.catalina.startup.VersionLoggerListener.log Command line argument: -Dcatalina.home=/root/apache-tomcat-8.5.78
16-Apr-2022 05:51:45.110 INFO [main] org.apache.catalina.startup.VersionLoggerListener.log Command line argument: -Djava.io.tmpdir=/root/apache-tomcat-8.5.78/temp
16-Apr-2022 05:51:45.110 INFO [main] org.apache.catalina.core.AprLifecycleListener.lifecycleEvent The Apache Tomcat Native library which allows using OpenSSL was not found on the java.library.path: [/usr/java/packages/lib/amd64:/usr/lib64:/lib64:/lib:/usr/lib]
16-Apr-2022 05:51:45.273 INFO [main] org.apache.coyote.AbstractProtocol.init Initializing ProtocolHandler ["http-nio-8090"]
16-Apr-2022 05:51:45.332 INFO [main] org.apache.catalina.startup.Catalina.load Initialization processed in 1249 ms
16-Apr-2022 05:51:45.407 SEVERE [main] org.apache.tomcat.util.digester.Digester.fatalError Parse Fatal Error at line 63 column 5: The element type "tomcat-users" must be terminated by the matching end-tag "</tomcat-users>".
	org.xml.sax.SAXParseException; lineNumber: 63; columnNumber: 5; The element type "tomcat-users" must be terminated by the matching end-tag "</tomcat-users>".
		at com.sun.org.apache.xerces.internal.util.ErrorHandlerWrapper.createSAXParseException(ErrorHandlerWrapper.java:203)
		at com.sun.org.apache.xerces.internal.util.ErrorHandlerWrapper.fatalError(ErrorHandlerWrapper.java:177)
		at com.sun.org.apache.xerces.internal.impl.XMLErrorReporter.reportError(XMLErrorReporter.java:400)
		at com.sun.org.apache.xerces.internal.impl.XMLErrorReporter.reportError(XMLErrorReporter.java:327)
		at com.sun.org.apache.xerces.internal.impl.XMLScanner.reportFatalError(XMLScanner.java:1473)
		at com.sun.org.apache.xerces.internal.impl.XMLDocumentFragmentScannerImpl.scanEndElement(XMLDocumentFragmentScannerImpl.java:1749)
		at com.sun.org.apache.xerces.internal.impl.XMLDocumentFragmentScannerImpl$FragmentContentDriver.next(XMLDocumentFragmentScannerImpl.java:2967)
		at com.sun.org.apache.xerces.internal.impl.XMLDocumentScannerImpl.next(XMLDocumentScannerImpl.java:602)
		at com.sun.org.apache.xerces.internal.impl.XMLDocumentFragmentScannerImpl.scanDocument(XMLDocumentFragmentScannerImpl.java:505)
		at com.sun.org.apache.xerces.internal.parsers.XML11Configuration.parse(XML11Configuration.java:842)
		at com.sun.org.apache.xerces.internal.parsers.XML11Configuration.parse(XML11Configuration.java:771)
		at com.sun.org.apache.xerces.internal.parsers.XMLParser.parse(XMLParser.java:141)
		at com.sun.org.apache.xerces.internal.parsers.AbstractSAXParser.parse(AbstractSAXParser.java:1213)
		at com.sun.org.apache.xerces.internal.jaxp.SAXParserImpl$JAXPSAXParser.parse(SAXParserImpl.java:643)
		at org.apache.tomcat.util.digester.Digester.parse(Digester.java:1513)
		at org.apache.catalina.users.MemoryUserDatabase.open(MemoryUserDatabase.java:453)
		at org.apache.catalina.users.MemoryUserDatabaseFactory.getObjectInstance(MemoryUserDatabaseFactory.java:105)
		at org.apache.naming.factory.FactoryBase.getObjectInstance(FactoryBase.java:96)
		at javax.naming.spi.NamingManager.getObjectInstance(NamingManager.java:332)
		at org.apache.naming.NamingContext.lookup(NamingContext.java:846)
		at org.apache.naming.NamingContext.lookup(NamingContext.java:157)
		at org.apache.naming.NamingContextBindingsEnumeration.nextElementInternal(NamingContextBindingsEnumeration.java:115)
		at org.apache.naming.NamingContextBindingsEnumeration.next(NamingContextBindingsEnumeration.java:69)
		at org.apache.naming.NamingContextBindingsEnumeration.next(NamingContextBindingsEnumeration.java:32)
		at org.apache.catalina.mbeans.GlobalResourcesLifecycleListener.createMBeans(GlobalResourcesLifecycleListener.java:138)
		at org.apache.catalina.mbeans.GlobalResourcesLifecycleListener.createMBeans(GlobalResourcesLifecycleListener.java:112)
		at org.apache.catalina.mbeans.GlobalResourcesLifecycleListener.lifecycleEvent(GlobalResourcesLifecycleListener.java:87)
		at org.apache.catalina.util.LifecycleBase.fireLifecycleEvent(LifecycleBase.java:123)
		at org.apache.catalina.util.LifecycleBase.setStateInternal(LifecycleBase.java:423)
		at org.apache.catalina.util.LifecycleBase.setState(LifecycleBase.java:366)
		at org.apache.catalina.core.StandardServer.startInternal(StandardServer.java:787)
		at org.apache.catalina.util.LifecycleBase.start(LifecycleBase.java:183)
		at org.apache.catalina.startup.Catalina.start(Catalina.java:695)
		at sun.reflect.NativeMethodAccessorImpl.invoke0(Native Method)
		at sun.reflect.NativeMethodAccessorImpl.invoke(NativeMethodAccessorImpl.java:62)
		at sun.reflect.DelegatingMethodAccessorImpl.invoke(DelegatingMethodAccessorImpl.java:43)
		at java.lang.reflect.Method.invoke(Method.java:498)
		at org.apache.catalina.startup.Bootstrap.start(Bootstrap.java:345)
		at org.apache.catalina.startup.Bootstrap.main(Bootstrap.java:476)
16-Apr-2022 05:51:45.413 WARNING [main] org.apache.naming.NamingContext.lookup Unexpected exception resolving reference
	org.xml.sax.SAXParseException; lineNumber: 63; columnNumber: 5; The element type "tomcat-users" must be terminated by the matching end-tag "</tomcat-users>".
		at com.sun.org.apache.xerces.internal.parsers.AbstractSAXParser.parse(AbstractSAXParser.java:1239)
		at com.sun.org.apache.xerces.internal.jaxp.SAXParserImpl$JAXPSAXParser.parse(SAXParserImpl.java:643)
		at org.apache.tomcat.util.digester.Digester.parse(Digester.java:1513)
		at org.apache.catalina.users.MemoryUserDatabase.open(MemoryUserDatabase.java:453)
		at org.apache.catalina.users.MemoryUserDatabaseFactory.getObjectInstance(MemoryUserDatabaseFactory.java:105)
		at org.apache.naming.factory.FactoryBase.getObjectInstance(FactoryBase.java:96)
		at javax.naming.spi.NamingManager.getObjectInstance(NamingManager.java:332)
		at org.apache.naming.NamingContext.lookup(NamingContext.java:846)
		at org.apache.naming.NamingContext.lookup(NamingContext.java:157)
		at org.apache.naming.NamingContextBindingsEnumeration.nextElementInternal(NamingContextBindingsEnumeration.java:115)
		at org.apache.naming.NamingContextBindingsEnumeration.next(NamingContextBindingsEnumeration.java:69)
		at org.apache.naming.NamingContextBindingsEnumeration.next(NamingContextBindingsEnumeration.java:32)
		at org.apache.catalina.mbeans.GlobalResourcesLifecycleListener.createMBeans(GlobalResourcesLifecycleListener.java:138)
		at org.apache.catalina.mbeans.GlobalResourcesLifecycleListener.createMBeans(GlobalResourcesLifecycleListener.java:112)
		at org.apache.catalina.mbeans.GlobalResourcesLifecycleListener.lifecycleEvent(GlobalResourcesLifecycleListener.java:87)
		at org.apache.catalina.util.LifecycleBase.fireLifecycleEvent(LifecycleBase.java:123)
		at org.apache.catalina.util.LifecycleBase.setStateInternal(LifecycleBase.java:423)
		at org.apache.catalina.util.LifecycleBase.setState(LifecycleBase.java:366)
		at org.apache.catalina.core.StandardServer.startInternal(StandardServer.java:787)
		at org.apache.catalina.util.LifecycleBase.start(LifecycleBase.java:183)
		at org.apache.catalina.startup.Catalina.start(Catalina.java:695)
		at sun.reflect.NativeMethodAccessorImpl.invoke0(Native Method)
		at sun.reflect.NativeMethodAccessorImpl.invoke(NativeMethodAccessorImpl.java:62)
		at sun.reflect.DelegatingMethodAccessorImpl.invoke(DelegatingMethodAccessorImpl.java:43)
		at java.lang.reflect.Method.invoke(Method.java:498)
		at org.apache.catalina.startup.Bootstrap.start(Bootstrap.java:345)
		at org.apache.catalina.startup.Bootstrap.main(Bootstrap.java:476)
16-Apr-2022 05:51:45.415 SEVERE [main] org.apache.catalina.mbeans.GlobalResourcesLifecycleListener.createMBeans Exception processing Global JNDI Resources
	javax.naming.NamingException: Unexpected exception resolving reference [Root exception is org.xml.sax.SAXParseException; lineNumber: 63; columnNumber: 5; The element type "tomcat-users" must be terminated by the matching end-tag "</tomcat-users>".]
		at org.apache.naming.NamingContext.lookup(NamingContext.java:865)
		at org.apache.naming.NamingContext.lookup(NamingContext.java:157)
		at org.apache.naming.NamingContextBindingsEnumeration.nextElementInternal(NamingContextBindingsEnumeration.java:115)
		at org.apache.naming.NamingContextBindingsEnumeration.next(NamingContextBindingsEnumeration.java:69)
		at org.apache.naming.NamingContextBindingsEnumeration.next(NamingContextBindingsEnumeration.java:32)
		at org.apache.catalina.mbeans.GlobalResourcesLifecycleListener.createMBeans(GlobalResourcesLifecycleListener.java:138)
		at org.apache.catalina.mbeans.GlobalResourcesLifecycleListener.createMBeans(GlobalResourcesLifecycleListener.java:112)
		at org.apache.catalina.mbeans.GlobalResourcesLifecycleListener.lifecycleEvent(GlobalResourcesLifecycleListener.java:87)
		at org.apache.catalina.util.LifecycleBase.fireLifecycleEvent(LifecycleBase.java:123)
		at org.apache.catalina.util.LifecycleBase.setStateInternal(LifecycleBase.java:423)
		at org.apache.catalina.util.LifecycleBase.setState(LifecycleBase.java:366)
		at org.apache.catalina.core.StandardServer.startInternal(StandardServer.java:787)
		at org.apache.catalina.util.LifecycleBase.start(LifecycleBase.java:183)
		at org.apache.catalina.startup.Catalina.start(Catalina.java:695)
		at sun.reflect.NativeMethodAccessorImpl.invoke0(Native Method)
		at sun.reflect.NativeMethodAccessorImpl.invoke(NativeMethodAccessorImpl.java:62)
		at sun.reflect.DelegatingMethodAccessorImpl.invoke(DelegatingMethodAccessorImpl.java:43)
		at java.lang.reflect.Method.invoke(Method.java:498)
		at org.apache.catalina.startup.Bootstrap.start(Bootstrap.java:345)
		at org.apache.catalina.startup.Bootstrap.main(Bootstrap.java:476)
	Caused by: org.xml.sax.SAXParseException; lineNumber: 63; columnNumber: 5; The element type "tomcat-users" must be terminated by the matching end-tag "</tomcat-users>".
		at com.sun.org.apache.xerces.internal.parsers.AbstractSAXParser.parse(AbstractSAXParser.java:1239)
		at com.sun.org.apache.xerces.internal.jaxp.SAXParserImpl$JAXPSAXParser.parse(SAXParserImpl.java:643)
		at org.apache.tomcat.util.digester.Digester.parse(Digester.java:1513)
		at org.apache.catalina.users.MemoryUserDatabase.open(MemoryUserDatabase.java:453)
		at org.apache.catalina.users.MemoryUserDatabaseFactory.getObjectInstance(MemoryUserDatabaseFactory.java:105)
		at org.apache.naming.factory.FactoryBase.getObjectInstance(FactoryBase.java:96)
		at javax.naming.spi.NamingManager.getObjectInstance(NamingManager.java:332)
		at org.apache.naming.NamingContext.lookup(NamingContext.java:846)
		... 19 more
16-Apr-2022 05:51:45.416 INFO [main] org.apache.catalina.core.StandardService.startInternal Starting service [Catalina]
16-Apr-2022 05:51:45.420 INFO [main] org.apache.catalina.core.StandardEngine.startInternal Starting Servlet engine: [Apache Tomcat/8.5.78]
16-Apr-2022 05:51:45.423 SEVERE [main] org.apache.tomcat.util.digester.Digester.fatalError Parse Fatal Error at line 63 column 5: The element type "tomcat-users" must be terminated by the matching end-tag "</tomcat-users>".
	org.xml.sax.SAXParseException; lineNumber: 63; columnNumber: 5; The element type "tomcat-users" must be terminated by the matching end-tag "</tomcat-users>".
		at com.sun.org.apache.xerces.internal.util.ErrorHandlerWrapper.createSAXParseException(ErrorHandlerWrapper.java:203)
		at com.sun.org.apache.xerces.internal.util.ErrorHandlerWrapper.fatalError(ErrorHandlerWrapper.java:177)
		at com.sun.org.apache.xerces.internal.impl.XMLErrorReporter.reportError(XMLErrorReporter.java:400)
		at com.sun.org.apache.xerces.internal.impl.XMLErrorReporter.reportError(XMLErrorReporter.java:327)
		at com.sun.org.apache.xerces.internal.impl.XMLScanner.reportFatalError(XMLScanner.java:1473)
		at com.sun.org.apache.xerces.internal.impl.XMLDocumentFragmentScannerImpl.scanEndElement(XMLDocumentFragmentScannerImpl.java:1749)
		at com.sun.org.apache.xerces.internal.impl.XMLDocumentFragmentScannerImpl$FragmentContentDriver.next(XMLDocumentFragmentScannerImpl.java:2967)
		at com.sun.org.apache.xerces.internal.impl.XMLDocumentScannerImpl.next(XMLDocumentScannerImpl.java:602)
		at com.sun.org.apache.xerces.internal.impl.XMLDocumentFragmentScannerImpl.scanDocument(XMLDocumentFragmentScannerImpl.java:505)
		at com.sun.org.apache.xerces.internal.parsers.XML11Configuration.parse(XML11Configuration.java:842)
		at com.sun.org.apache.xerces.internal.parsers.XML11Configuration.parse(XML11Configuration.java:771)
		at com.sun.org.apache.xerces.internal.parsers.XMLParser.parse(XMLParser.java:141)
		at com.sun.org.apache.xerces.internal.parsers.AbstractSAXParser.parse(AbstractSAXParser.java:1213)
		at com.sun.org.apache.xerces.internal.jaxp.SAXParserImpl$JAXPSAXParser.parse(SAXParserImpl.java:643)
		at org.apache.tomcat.util.digester.Digester.parse(Digester.java:1513)
		at org.apache.catalina.users.MemoryUserDatabase.open(MemoryUserDatabase.java:453)
		at org.apache.catalina.users.MemoryUserDatabaseFactory.getObjectInstance(MemoryUserDatabaseFactory.java:105)
		at org.apache.naming.factory.FactoryBase.getObjectInstance(FactoryBase.java:96)
		at javax.naming.spi.NamingManager.getObjectInstance(NamingManager.java:332)
		at org.apache.naming.NamingContext.lookup(NamingContext.java:846)
		at org.apache.naming.NamingContext.lookup(NamingContext.java:171)
		at org.apache.catalina.realm.UserDatabaseRealm.getUserDatabase(UserDatabaseRealm.java:198)
		at org.apache.catalina.realm.UserDatabaseRealm.startInternal(UserDatabaseRealm.java:221)
		at org.apache.catalina.util.LifecycleBase.start(LifecycleBase.java:183)
		at org.apache.catalina.realm.CombinedRealm.startInternal(CombinedRealm.java:254)
		at org.apache.catalina.realm.LockOutRealm.startInternal(LockOutRealm.java:120)
		at org.apache.catalina.util.LifecycleBase.start(LifecycleBase.java:183)
		at org.apache.catalina.core.ContainerBase.startInternal(ContainerBase.java:928)
		at org.apache.catalina.core.StandardEngine.startInternal(StandardEngine.java:263)
		at org.apache.catalina.util.LifecycleBase.start(LifecycleBase.java:183)
		at org.apache.catalina.core.StandardService.startInternal(StandardService.java:434)
		at org.apache.catalina.util.LifecycleBase.start(LifecycleBase.java:183)
		at org.apache.catalina.core.StandardServer.startInternal(StandardServer.java:794)
		at org.apache.catalina.util.LifecycleBase.start(LifecycleBase.java:183)
		at org.apache.catalina.startup.Catalina.start(Catalina.java:695)
		at sun.reflect.NativeMethodAccessorImpl.invoke0(Native Method)
		at sun.reflect.NativeMethodAccessorImpl.invoke(NativeMethodAccessorImpl.java:62)
		at sun.reflect.DelegatingMethodAccessorImpl.invoke(DelegatingMethodAccessorImpl.java:43)
		at java.lang.reflect.Method.invoke(Method.java:498)
		at org.apache.catalina.startup.Bootstrap.start(Bootstrap.java:345)
		at org.apache.catalina.startup.Bootstrap.main(Bootstrap.java:476)
16-Apr-2022 05:51:45.433 WARNING [main] org.apache.naming.NamingContext.lookup Unexpected exception resolving reference
	org.xml.sax.SAXParseException; lineNumber: 63; columnNumber: 5; The element type "tomcat-users" must be terminated by the matching end-tag "</tomcat-users>".
		at com.sun.org.apache.xerces.internal.parsers.AbstractSAXParser.parse(AbstractSAXParser.java:1239)
		at com.sun.org.apache.xerces.internal.jaxp.SAXParserImpl$JAXPSAXParser.parse(SAXParserImpl.java:643)
		at org.apache.tomcat.util.digester.Digester.parse(Digester.java:1513)
		at org.apache.catalina.users.MemoryUserDatabase.open(MemoryUserDatabase.java:453)
		at org.apache.catalina.users.MemoryUserDatabaseFactory.getObjectInstance(MemoryUserDatabaseFactory.java:105)
		at org.apache.naming.factory.FactoryBase.getObjectInstance(FactoryBase.java:96)
		at javax.naming.spi.NamingManager.getObjectInstance(NamingManager.java:332)
		at org.apache.naming.NamingContext.lookup(NamingContext.java:846)
		at org.apache.naming.NamingContext.lookup(NamingContext.java:171)
		at org.apache.catalina.realm.UserDatabaseRealm.getUserDatabase(UserDatabaseRealm.java:198)
		at org.apache.catalina.realm.UserDatabaseRealm.startInternal(UserDatabaseRealm.java:221)
		at org.apache.catalina.util.LifecycleBase.start(LifecycleBase.java:183)
		at org.apache.catalina.realm.CombinedRealm.startInternal(CombinedRealm.java:254)
		at org.apache.catalina.realm.LockOutRealm.startInternal(LockOutRealm.java:120)
		at org.apache.catalina.util.LifecycleBase.start(LifecycleBase.java:183)
		at org.apache.catalina.core.ContainerBase.startInternal(ContainerBase.java:928)
		at org.apache.catalina.core.StandardEngine.startInternal(StandardEngine.java:263)
		at org.apache.catalina.util.LifecycleBase.start(LifecycleBase.java:183)
		at org.apache.catalina.core.StandardService.startInternal(StandardService.java:434)
		at org.apache.catalina.util.LifecycleBase.start(LifecycleBase.java:183)
		at org.apache.catalina.core.StandardServer.startInternal(StandardServer.java:794)
		at org.apache.catalina.util.LifecycleBase.start(LifecycleBase.java:183)
		at org.apache.catalina.startup.Catalina.start(Catalina.java:695)
		at sun.reflect.NativeMethodAccessorImpl.invoke0(Native Method)
		at sun.reflect.NativeMethodAccessorImpl.invoke(NativeMethodAccessorImpl.java:62)
		at sun.reflect.DelegatingMethodAccessorImpl.invoke(DelegatingMethodAccessorImpl.java:43)
		at java.lang.reflect.Method.invoke(Method.java:498)
		at org.apache.catalina.startup.Bootstrap.start(Bootstrap.java:345)
		at org.apache.catalina.startup.Bootstrap.main(Bootstrap.java:476)
16-Apr-2022 05:51:45.434 SEVERE [main] org.apache.catalina.realm.UserDatabaseRealm.getUserDatabase Exception looking up UserDatabase under key [UserDatabase]
	javax.naming.NamingException: Unexpected exception resolving reference [Root exception is org.xml.sax.SAXParseException; lineNumber: 63; columnNumber: 5; The element type "tomcat-users" must be terminated by the matching end-tag "</tomcat-users>".]
		at org.apache.naming.NamingContext.lookup(NamingContext.java:865)
		at org.apache.naming.NamingContext.lookup(NamingContext.java:171)
		at org.apache.catalina.realm.UserDatabaseRealm.getUserDatabase(UserDatabaseRealm.java:198)
		at org.apache.catalina.realm.UserDatabaseRealm.startInternal(UserDatabaseRealm.java:221)
		at org.apache.catalina.util.LifecycleBase.start(LifecycleBase.java:183)
		at org.apache.catalina.realm.CombinedRealm.startInternal(CombinedRealm.java:254)
		at org.apache.catalina.realm.LockOutRealm.startInternal(LockOutRealm.java:120)
		at org.apache.catalina.util.LifecycleBase.start(LifecycleBase.java:183)
		at org.apache.catalina.core.ContainerBase.startInternal(ContainerBase.java:928)
		at org.apache.catalina.core.StandardEngine.startInternal(StandardEngine.java:263)
		at org.apache.catalina.util.LifecycleBase.start(LifecycleBase.java:183)
		at org.apache.catalina.core.StandardService.startInternal(StandardService.java:434)
		at org.apache.catalina.util.LifecycleBase.start(LifecycleBase.java:183)
		at org.apache.catalina.core.StandardServer.startInternal(StandardServer.java:794)
		at org.apache.catalina.util.LifecycleBase.start(LifecycleBase.java:183)
		at org.apache.catalina.startup.Catalina.start(Catalina.java:695)
		at sun.reflect.NativeMethodAccessorImpl.invoke0(Native Method)
		at sun.reflect.NativeMethodAccessorImpl.invoke(NativeMethodAccessorImpl.java:62)
		at sun.reflect.DelegatingMethodAccessorImpl.invoke(DelegatingMethodAccessorImpl.java:43)
		at java.lang.reflect.Method.invoke(Method.java:498)
		at org.apache.catalina.startup.Bootstrap.start(Bootstrap.java:345)
		at org.apache.catalina.startup.Bootstrap.main(Bootstrap.java:476)
	Caused by: org.xml.sax.SAXParseException; lineNumber: 63; columnNumber: 5; The element type "tomcat-users" must be terminated by the matching end-tag "</tomcat-users>".
		at com.sun.org.apache.xerces.internal.parsers.AbstractSAXParser.parse(AbstractSAXParser.java:1239)
		at com.sun.org.apache.xerces.internal.jaxp.SAXParserImpl$JAXPSAXParser.parse(SAXParserImpl.java:643)
		at org.apache.tomcat.util.digester.Digester.parse(Digester.java:1513)
		at org.apache.catalina.users.MemoryUserDatabase.open(MemoryUserDatabase.java:453)
		at org.apache.catalina.users.MemoryUserDatabaseFactory.getObjectInstance(MemoryUserDatabaseFactory.java:105)
		at org.apache.naming.factory.FactoryBase.getObjectInstance(FactoryBase.java:96)
		at javax.naming.spi.NamingManager.getObjectInstance(NamingManager.java:332)
		at org.apache.naming.NamingContext.lookup(NamingContext.java:846)
		... 21 more
16-Apr-2022 05:51:45.436 SEVERE [main] org.apache.catalina.realm.CombinedRealm.startInternal Failed to start [org.apache.catalina.realm.UserDatabaseRealm] realm
	org.apache.catalina.LifecycleException: No UserDatabase component found under key [UserDatabase]
		at org.apache.catalina.realm.UserDatabaseRealm.startInternal(UserDatabaseRealm.java:223)
		at org.apache.catalina.util.LifecycleBase.start(LifecycleBase.java:183)
		at org.apache.catalina.realm.CombinedRealm.startInternal(CombinedRealm.java:254)
		at org.apache.catalina.realm.LockOutRealm.startInternal(LockOutRealm.java:120)
		at org.apache.catalina.util.LifecycleBase.start(LifecycleBase.java:183)
		at org.apache.catalina.core.ContainerBase.startInternal(ContainerBase.java:928)
		at org.apache.catalina.core.StandardEngine.startInternal(StandardEngine.java:263)
		at org.apache.catalina.util.LifecycleBase.start(LifecycleBase.java:183)
		at org.apache.catalina.core.StandardService.startInternal(StandardService.java:434)
		at org.apache.catalina.util.LifecycleBase.start(LifecycleBase.java:183)
		at org.apache.catalina.core.StandardServer.startInternal(StandardServer.java:794)
		at org.apache.catalina.util.LifecycleBase.start(LifecycleBase.java:183)
		at org.apache.catalina.startup.Catalina.start(Catalina.java:695)
		at sun.reflect.NativeMethodAccessorImpl.invoke0(Native Method)
		at sun.reflect.NativeMethodAccessorImpl.invoke(NativeMethodAccessorImpl.java:62)
		at sun.reflect.DelegatingMethodAccessorImpl.invoke(DelegatingMethodAccessorImpl.java:43)
		at java.lang.reflect.Method.invoke(Method.java:498)
		at org.apache.catalina.startup.Bootstrap.start(Bootstrap.java:345)
		at org.apache.catalina.startup.Bootstrap.main(Bootstrap.java:476)
16-Apr-2022 05:51:45.451 INFO [localhost-startStop-1] org.apache.catalina.startup.HostConfig.deployDirectory Deploying web application directory [/root/apache-tomcat-8.5.78/webapps/ROOT]
16-Apr-2022 05:51:45.931 INFO [localhost-startStop-1] org.apache.catalina.startup.HostConfig.deployDirectory Deployment of web application directory [/root/apache-tomcat-8.5.78/webapps/ROOT] has finished in [480] ms
16-Apr-2022 05:51:45.936 INFO [localhost-startStop-1] org.apache.catalina.startup.HostConfig.deployDirectory Deploying web application directory [/root/apache-tomcat-8.5.78/webapps/docs]
16-Apr-2022 05:51:45.972 INFO [localhost-startStop-1] org.apache.catalina.startup.HostConfig.deployDirectory Deployment of web application directory [/root/apache-tomcat-8.5.78/webapps/docs] has finished in [35] ms
16-Apr-2022 05:51:45.972 INFO [localhost-startStop-1] org.apache.catalina.startup.HostConfig.deployDirectory Deploying web application directory [/root/apache-tomcat-8.5.78/webapps/examples]
16-Apr-2022 05:51:46.427 INFO [localhost-startStop-1] org.apache.catalina.startup.HostConfig.deployDirectory Deployment of web application directory [/root/apache-tomcat-8.5.78/webapps/examples] has finished in [451] ms
16-Apr-2022 05:51:46.428 INFO [localhost-startStop-1] org.apache.catalina.startup.HostConfig.deployDirectory Deploying web application directory [/root/apache-tomcat-8.5.78/webapps/host-manager]
16-Apr-2022 05:51:46.466 INFO [localhost-startStop-1] org.apache.catalina.startup.HostConfig.deployDirectory Deployment of web application directory [/root/apache-tomcat-8.5.78/webapps/host-manager] has finished in [38] ms
16-Apr-2022 05:51:46.467 INFO [localhost-startStop-1] org.apache.catalina.startup.HostConfig.deployDirectory Deploying web application directory [/root/apache-tomcat-8.5.78/webapps/manager]
16-Apr-2022 05:51:46.539 INFO [localhost-startStop-1] org.apache.catalina.startup.HostConfig.deployDirectory Deployment of web application directory [/root/apache-tomcat-8.5.78/webapps/manager] has finished in [72] ms
16-Apr-2022 05:51:46.545 INFO [main] org.apache.coyote.AbstractProtocol.start Starting ProtocolHandler ["http-nio-8090"]
16-Apr-2022 05:51:46.584 INFO [main] org.apache.catalina.startup.Catalina.start Server startup in 1251 ms
16-Apr-2022 05:57:19.784 INFO [main] org.apache.catalina.core.StandardServer.await A valid shutdown command was received via the shutdown port. Stopping the Server instance.
16-Apr-2022 05:57:19.785 INFO [main] org.apache.coyote.AbstractProtocol.pause Pausing ProtocolHandler ["http-nio-8090"]
16-Apr-2022 05:57:19.790 INFO [main] org.apache.catalina.core.StandardService.stopInternal Stopping service [Catalina]
16-Apr-2022 05:57:19.841 INFO [main] org.apache.coyote.AbstractProtocol.stop Stopping ProtocolHandler ["http-nio-8090"]
16-Apr-2022 05:57:19.852 INFO [main] org.apache.coyote.AbstractProtocol.destroy Destroying ProtocolHandler ["http-nio-8090"]
16-Apr-2022 05:57:27.632 INFO [main] org.apache.catalina.startup.VersionLoggerListener.log Server version name:   Apache Tomcat/8.5.78
16-Apr-2022 05:57:27.638 INFO [main] org.apache.catalina.startup.VersionLoggerListener.log Server built:          Mar 31 2022 16:05:28 UTC
16-Apr-2022 05:57:27.639 INFO [main] org.apache.catalina.startup.VersionLoggerListener.log Server version number: 8.5.78.0
16-Apr-2022 05:57:27.640 INFO [main] org.apache.catalina.startup.VersionLoggerListener.log OS Name:               Linux
16-Apr-2022 05:57:27.640 INFO [main] org.apache.catalina.startup.VersionLoggerListener.log OS Version:            5.10.106-102.504.amzn2.x86_64
16-Apr-2022 05:57:27.640 INFO [main] org.apache.catalina.startup.VersionLoggerListener.log Architecture:          amd64
16-Apr-2022 05:57:27.641 INFO [main] org.apache.catalina.startup.VersionLoggerListener.log Java Home:             /usr/lib/jvm/java-1.8.0-openjdk-1.8.0.312.b07-1.amzn2.0.2.x86_64/jre
16-Apr-2022 05:57:27.641 INFO [main] org.apache.catalina.startup.VersionLoggerListener.log JVM Version:           1.8.0_312-b07
16-Apr-2022 05:57:27.641 INFO [main] org.apache.catalina.startup.VersionLoggerListener.log JVM Vendor:            Red Hat, Inc.
16-Apr-2022 05:57:27.641 INFO [main] org.apache.catalina.startup.VersionLoggerListener.log CATALINA_BASE:         /root/apache-tomcat-8.5.78
16-Apr-2022 05:57:27.641 INFO [main] org.apache.catalina.startup.VersionLoggerListener.log CATALINA_HOME:         /root/apache-tomcat-8.5.78
16-Apr-2022 05:57:27.642 INFO [main] org.apache.catalina.startup.VersionLoggerListener.log Command line argument: -Djava.util.logging.config.file=/root/apache-tomcat-8.5.78/conf/logging.properties
16-Apr-2022 05:57:27.642 INFO [main] org.apache.catalina.startup.VersionLoggerListener.log Command line argument: -Djava.util.logging.manager=org.apache.juli.ClassLoaderLogManager
16-Apr-2022 05:57:27.642 INFO [main] org.apache.catalina.startup.VersionLoggerListener.log Command line argument: -Djdk.tls.ephemeralDHKeySize=2048
16-Apr-2022 05:57:27.643 INFO [main] org.apache.catalina.startup.VersionLoggerListener.log Command line argument: -Djava.protocol.handler.pkgs=org.apache.catalina.webresources
16-Apr-2022 05:57:27.645 INFO [main] org.apache.catalina.startup.VersionLoggerListener.log Command line argument: -Dorg.apache.catalina.security.SecurityListener.UMASK=0027
16-Apr-2022 05:57:27.651 INFO [main] org.apache.catalina.startup.VersionLoggerListener.log Command line argument: -Dignore.endorsed.dirs=
16-Apr-2022 05:57:27.652 INFO [main] org.apache.catalina.startup.VersionLoggerListener.log Command line argument: -Dcatalina.base=/root/apache-tomcat-8.5.78
16-Apr-2022 05:57:27.652 INFO [main] org.apache.catalina.startup.VersionLoggerListener.log Command line argument: -Dcatalina.home=/root/apache-tomcat-8.5.78
16-Apr-2022 05:57:27.654 INFO [main] org.apache.catalina.startup.VersionLoggerListener.log Command line argument: -Djava.io.tmpdir=/root/apache-tomcat-8.5.78/temp
16-Apr-2022 05:57:27.654 INFO [main] org.apache.catalina.core.AprLifecycleListener.lifecycleEvent The Apache Tomcat Native library which allows using OpenSSL was not found on the java.library.path: [/usr/java/packages/lib/amd64:/usr/lib64:/lib64:/lib:/usr/lib]
16-Apr-2022 05:57:27.791 INFO [main] org.apache.coyote.AbstractProtocol.init Initializing ProtocolHandler ["http-nio-8090"]
16-Apr-2022 05:57:27.843 INFO [main] org.apache.catalina.startup.Catalina.load Initialization processed in 1199 ms
16-Apr-2022 05:57:27.922 INFO [main] org.apache.catalina.core.StandardService.startInternal Starting service [Catalina]
16-Apr-2022 05:57:27.922 INFO [main] org.apache.catalina.core.StandardEngine.startInternal Starting Servlet engine: [Apache Tomcat/8.5.78]
16-Apr-2022 05:57:27.940 INFO [localhost-startStop-1] org.apache.catalina.startup.HostConfig.deployDirectory Deploying web application directory [/root/apache-tomcat-8.5.78/webapps/ROOT]
16-Apr-2022 05:57:28.423 INFO [localhost-startStop-1] org.apache.catalina.startup.HostConfig.deployDirectory Deployment of web application directory [/root/apache-tomcat-8.5.78/webapps/ROOT] has finished in [483] ms
16-Apr-2022 05:57:28.424 INFO [localhost-startStop-1] org.apache.catalina.startup.HostConfig.deployDirectory Deploying web application directory [/root/apache-tomcat-8.5.78/webapps/docs]
16-Apr-2022 05:57:28.469 INFO [localhost-startStop-1] org.apache.catalina.startup.HostConfig.deployDirectory Deployment of web application directory [/root/apache-tomcat-8.5.78/webapps/docs] has finished in [45] ms
16-Apr-2022 05:57:28.469 INFO [localhost-startStop-1] org.apache.catalina.startup.HostConfig.deployDirectory Deploying web application directory [/root/apache-tomcat-8.5.78/webapps/examples]
16-Apr-2022 05:57:28.921 INFO [localhost-startStop-1] org.apache.catalina.startup.HostConfig.deployDirectory Deployment of web application directory [/root/apache-tomcat-8.5.78/webapps/examples] has finished in [451] ms
16-Apr-2022 05:57:28.921 INFO [localhost-startStop-1] org.apache.catalina.startup.HostConfig.deployDirectory Deploying web application directory [/root/apache-tomcat-8.5.78/webapps/host-manager]
16-Apr-2022 05:57:28.971 INFO [localhost-startStop-1] org.apache.catalina.startup.HostConfig.deployDirectory Deployment of web application directory [/root/apache-tomcat-8.5.78/webapps/host-manager] has finished in [50] ms
16-Apr-2022 05:57:28.976 INFO [localhost-startStop-1] org.apache.catalina.startup.HostConfig.deployDirectory Deploying web application directory [/root/apache-tomcat-8.5.78/webapps/manager]
16-Apr-2022 05:57:29.018 INFO [localhost-startStop-1] org.apache.catalina.startup.HostConfig.deployDirectory Deployment of web application directory [/root/apache-tomcat-8.5.78/webapps/manager] has finished in [42] ms
16-Apr-2022 05:57:29.021 INFO [main] org.apache.coyote.AbstractProtocol.start Starting ProtocolHandler ["http-nio-8090"]
16-Apr-2022 05:57:29.066 INFO [main] org.apache.catalina.startup.Catalina.start Server startup in 1222 ms
16-Apr-2022 10:45:29.701 INFO [http-nio-8090-exec-8] org.apache.coyote.http11.Http11Processor.service Error parsing HTTP request header
 Note: further occurrences of HTTP request parsing errors will be logged at DEBUG level.
	java.lang.IllegalArgumentException: Invalid character found in method name [0x160x030x010x000xca0x010x000x000xc60x030x030xe00xe50xec0x940xb80xc0w0xfbQc-O10xeb0xf4_0x1d0xf90xb70xcd0x900xc80x84)UV0xf0C50xa00x98t0x000x00h0xcc0x140xcc0x130xc0/0xc0+0xc000xc0,0xc00x110xc00x070xc0'0xc0#0xc00x130xc00x090xc0(0xc0$0xc00x140xc00x0a0xcc0x150x000x9e0x000x9f0x00g0x00k0x0030x0090x000x9c0x000x9d0x000x050x000x040x00<0x00=0x00/0x0050xc00x120x000x160x000x0a0x000x030x000x080x000x060x000x140x000x110x000x190x000x170x0020xc00x080x000x120x000x130x000x150x0080x00@0x00f0x00j0x000xa20x000xa30x010x000x0050x000x050x000x050x010x000x000x000x000x000x0a0x000x080x000x060x000x170x000x180x000x190x000x0b0x000x020x010x000x000x0d0x000x0c0x000x0a0x040x010x040x030x020x010x020x030x020x020xff0x010x000x010x000x000x0f0x000x010x01...]. HTTP method names must be tokens
		at org.apache.coyote.http11.Http11InputBuffer.parseRequestLine(Http11InputBuffer.java:434)
		at org.apache.coyote.http11.Http11Processor.service(Http11Processor.java:513)
		at org.apache.coyote.AbstractProcessorLight.process(AbstractProcessorLight.java:65)
		at org.apache.coyote.AbstractProtocol$ConnectionHandler.process(AbstractProtocol.java:882)
		at org.apache.tomcat.util.net.NioEndpoint$SocketProcessor.doRun(NioEndpoint.java:1647)
		at org.apache.tomcat.util.net.SocketProcessorBase.run(SocketProcessorBase.java:49)
		at org.apache.tomcat.util.threads.ThreadPoolExecutor.runWorker(ThreadPoolExecutor.java:1191)
		at org.apache.tomcat.util.threads.ThreadPoolExecutor$Worker.run(ThreadPoolExecutor.java:659)
		at org.apache.tomcat.util.threads.TaskThread$WrappingRunnable.run(TaskThread.java:61)
		at java.lang.Thread.run(Thread.java:748)
16-Apr-2022 13:07:29.620 INFO [main] org.apache.catalina.startup.VersionLoggerListener.log Server version name:   Apache Tomcat/8.5.78
16-Apr-2022 13:07:29.625 INFO [main] org.apache.catalina.startup.VersionLoggerListener.log Server built:          Mar 31 2022 16:05:28 UTC
16-Apr-2022 13:07:29.626 INFO [main] org.apache.catalina.startup.VersionLoggerListener.log Server version number: 8.5.78.0
16-Apr-2022 13:07:29.627 INFO [main] org.apache.catalina.startup.VersionLoggerListener.log OS Name:               Linux
16-Apr-2022 13:07:29.627 INFO [main] org.apache.catalina.startup.VersionLoggerListener.log OS Version:            5.10.106-102.504.amzn2.x86_64
16-Apr-2022 13:07:29.627 INFO [main] org.apache.catalina.startup.VersionLoggerListener.log Architecture:          amd64
16-Apr-2022 13:07:29.628 INFO [main] org.apache.catalina.startup.VersionLoggerListener.log Java Home:             /usr/lib/jvm/java-1.8.0-openjdk-1.8.0.312.b07-1.amzn2.0.2.x86_64/jre
16-Apr-2022 13:07:29.628 INFO [main] org.apache.catalina.startup.VersionLoggerListener.log JVM Version:           1.8.0_312-b07
16-Apr-2022 13:07:29.628 INFO [main] org.apache.catalina.startup.VersionLoggerListener.log JVM Vendor:            Red Hat, Inc.
16-Apr-2022 13:07:29.628 INFO [main] org.apache.catalina.startup.VersionLoggerListener.log CATALINA_BASE:         /root/apache-tomcat-8.5.78
16-Apr-2022 13:07:29.629 INFO [main] org.apache.catalina.startup.VersionLoggerListener.log CATALINA_HOME:         /root/apache-tomcat-8.5.78
16-Apr-2022 13:07:29.629 INFO [main] org.apache.catalina.startup.VersionLoggerListener.log Command line argument: -Djava.util.logging.config.file=/root/apache-tomcat-8.5.78/conf/logging.properties
16-Apr-2022 13:07:29.630 INFO [main] org.apache.catalina.startup.VersionLoggerListener.log Command line argument: -Djava.util.logging.manager=org.apache.juli.ClassLoaderLogManager
16-Apr-2022 13:07:29.630 INFO [main] org.apache.catalina.startup.VersionLoggerListener.log Command line argument: -Djdk.tls.ephemeralDHKeySize=2048
16-Apr-2022 13:07:29.630 INFO [main] org.apache.catalina.startup.VersionLoggerListener.log Command line argument: -Djava.protocol.handler.pkgs=org.apache.catalina.webresources
16-Apr-2022 13:07:29.631 INFO [main] org.apache.catalina.startup.VersionLoggerListener.log Command line argument: -Dorg.apache.catalina.security.SecurityListener.UMASK=0027
16-Apr-2022 13:07:29.637 INFO [main] org.apache.catalina.startup.VersionLoggerListener.log Command line argument: -Dignore.endorsed.dirs=
16-Apr-2022 13:07:29.640 INFO [main] org.apache.catalina.startup.VersionLoggerListener.log Command line argument: -Dcatalina.base=/root/apache-tomcat-8.5.78
16-Apr-2022 13:07:29.640 INFO [main] org.apache.catalina.startup.VersionLoggerListener.log Command line argument: -Dcatalina.home=/root/apache-tomcat-8.5.78
16-Apr-2022 13:07:29.642 INFO [main] org.apache.catalina.startup.VersionLoggerListener.log Command line argument: -Djava.io.tmpdir=/root/apache-tomcat-8.5.78/temp
16-Apr-2022 13:07:29.642 INFO [main] org.apache.catalina.core.AprLifecycleListener.lifecycleEvent The Apache Tomcat Native library which allows using OpenSSL was not found on the java.library.path: [/usr/java/packages/lib/amd64:/usr/lib64:/lib64:/lib:/usr/lib]
16-Apr-2022 13:07:29.846 INFO [main] org.apache.coyote.AbstractProtocol.init Initializing ProtocolHandler ["http-nio-8090"]
16-Apr-2022 13:07:29.883 SEVERE [main] org.apache.catalina.core.StandardService.initInternal Failed to initialize connector [Connector[HTTP/1.1-8090]]
	org.apache.catalina.LifecycleException: Protocol handler initialization failed
		at org.apache.catalina.connector.Connector.initInternal(Connector.java:1114)
		at org.apache.catalina.util.LifecycleBase.init(LifecycleBase.java:136)
		at org.apache.catalina.core.StandardService.initInternal(StandardService.java:571)
		at org.apache.catalina.util.LifecycleBase.init(LifecycleBase.java:136)
		at org.apache.catalina.core.StandardServer.initInternal(StandardServer.java:874)
		at org.apache.catalina.util.LifecycleBase.init(LifecycleBase.java:136)
		at org.apache.catalina.startup.Catalina.load(Catalina.java:646)
		at org.apache.catalina.startup.Catalina.load(Catalina.java:669)
		at sun.reflect.NativeMethodAccessorImpl.invoke0(Native Method)
		at sun.reflect.NativeMethodAccessorImpl.invoke(NativeMethodAccessorImpl.java:62)
		at sun.reflect.DelegatingMethodAccessorImpl.invoke(DelegatingMethodAccessorImpl.java:43)
		at java.lang.reflect.Method.invoke(Method.java:498)
		at org.apache.catalina.startup.Bootstrap.load(Bootstrap.java:305)
		at org.apache.catalina.startup.Bootstrap.main(Bootstrap.java:475)
	Caused by: java.net.BindException: Address already in use
		at sun.nio.ch.Net.bind0(Native Method)
		at sun.nio.ch.Net.bind(Net.java:461)
		at sun.nio.ch.Net.bind(Net.java:453)
		at sun.nio.ch.ServerSocketChannelImpl.bind(ServerSocketChannelImpl.java:222)
		at sun.nio.ch.ServerSocketAdaptor.bind(ServerSocketAdaptor.java:85)
		at org.apache.tomcat.util.net.NioEndpoint.initServerSocket(NioEndpoint.java:224)
		at org.apache.tomcat.util.net.NioEndpoint.bind(NioEndpoint.java:200)
		at org.apache.tomcat.util.net.AbstractEndpoint.bindWithCleanup(AbstractEndpoint.java:1221)
		at org.apache.tomcat.util.net.AbstractEndpoint.init(AbstractEndpoint.java:1234)
		at org.apache.tomcat.util.net.AbstractJsseEndpoint.init(AbstractJsseEndpoint.java:230)
		at org.apache.coyote.AbstractProtocol.init(AbstractProtocol.java:633)
		at org.apache.coyote.http11.AbstractHttp11Protocol.init(AbstractHttp11Protocol.java:80)
		at org.apache.catalina.connector.Connector.initInternal(Connector.java:1111)
		... 13 more
16-Apr-2022 13:07:29.892 INFO [main] org.apache.catalina.startup.Catalina.load Initialization processed in 1349 ms
16-Apr-2022 13:07:30.003 INFO [main] org.apache.catalina.core.StandardService.startInternal Starting service [Catalina]
16-Apr-2022 13:07:30.012 INFO [main] org.apache.catalina.core.StandardEngine.startInternal Starting Servlet engine: [Apache Tomcat/8.5.78]
16-Apr-2022 13:07:30.068 INFO [localhost-startStop-1] org.apache.catalina.startup.HostConfig.deployDirectory Deploying web application directory [/root/apache-tomcat-8.5.78/webapps/ROOT]
16-Apr-2022 13:07:30.807 INFO [localhost-startStop-1] org.apache.catalina.startup.HostConfig.deployDirectory Deployment of web application directory [/root/apache-tomcat-8.5.78/webapps/ROOT] has finished in [738] ms
16-Apr-2022 13:07:30.807 INFO [localhost-startStop-1] org.apache.catalina.startup.HostConfig.deployDirectory Deploying web application directory [/root/apache-tomcat-8.5.78/webapps/docs]
16-Apr-2022 13:07:30.865 INFO [localhost-startStop-1] org.apache.catalina.startup.HostConfig.deployDirectory Deployment of web application directory [/root/apache-tomcat-8.5.78/webapps/docs] has finished in [57] ms
16-Apr-2022 13:07:30.865 INFO [localhost-startStop-1] org.apache.catalina.startup.HostConfig.deployDirectory Deploying web application directory [/root/apache-tomcat-8.5.78/webapps/examples]
16-Apr-2022 13:07:31.375 INFO [localhost-startStop-1] org.apache.jasper.servlet.TldScanner.scanJars At least one JAR was scanned for TLDs yet contained no TLDs. Enable debug logging for this logger for a complete list of JARs that were scanned but no TLDs were found in them. Skipping unneeded JARs during scanning can improve startup time and JSP compilation time.
16-Apr-2022 13:07:31.477 INFO [localhost-startStop-1] org.apache.catalina.startup.HostConfig.deployDirectory Deployment of web application directory [/root/apache-tomcat-8.5.78/webapps/examples] has finished in [612] ms
16-Apr-2022 13:07:31.480 INFO [localhost-startStop-1] org.apache.catalina.startup.HostConfig.deployDirectory Deploying web application directory [/root/apache-tomcat-8.5.78/webapps/host-manager]
16-Apr-2022 13:07:31.544 INFO [localhost-startStop-1] org.apache.jasper.servlet.TldScanner.scanJars At least one JAR was scanned for TLDs yet contained no TLDs. Enable debug logging for this logger for a complete list of JARs that were scanned but no TLDs were found in them. Skipping unneeded JARs during scanning can improve startup time and JSP compilation time.
16-Apr-2022 13:07:31.556 INFO [localhost-startStop-1] org.apache.catalina.startup.HostConfig.deployDirectory Deployment of web application directory [/root/apache-tomcat-8.5.78/webapps/host-manager] has finished in [76] ms
16-Apr-2022 13:07:31.556 INFO [localhost-startStop-1] org.apache.catalina.startup.HostConfig.deployDirectory Deploying web application directory [/root/apache-tomcat-8.5.78/webapps/manager]
16-Apr-2022 13:07:31.659 INFO [localhost-startStop-1] org.apache.jasper.servlet.TldScanner.scanJars At least one JAR was scanned for TLDs yet contained no TLDs. Enable debug logging for this logger for a complete list of JARs that were scanned but no TLDs were found in them. Skipping unneeded JARs during scanning can improve startup time and JSP compilation time.
16-Apr-2022 13:07:31.664 INFO [localhost-startStop-1] org.apache.catalina.startup.HostConfig.deployDirectory Deployment of web application directory [/root/apache-tomcat-8.5.78/webapps/manager] has finished in [108] ms
16-Apr-2022 13:07:31.669 INFO [main] org.apache.catalina.startup.Catalina.start Server startup in 1776 ms
16-Apr-2022 13:07:31.671 SEVERE [main] org.apache.catalina.core.StandardServer.await Failed to create server shutdown socket on address [localhost] and port [8005] (base port [8005] and offset [0])
	java.net.BindException: Address already in use (Bind failed)
		at java.net.PlainSocketImpl.socketBind(Native Method)
		at java.net.AbstractPlainSocketImpl.bind(AbstractPlainSocketImpl.java:387)
		at java.net.ServerSocket.bind(ServerSocket.java:390)
		at java.net.ServerSocket.<init>(ServerSocket.java:252)
		at org.apache.catalina.core.StandardServer.await(StandardServer.java:446)
		at org.apache.catalina.startup.Catalina.await(Catalina.java:783)
		at org.apache.catalina.startup.Catalina.start(Catalina.java:729)
		at sun.reflect.NativeMethodAccessorImpl.invoke0(Native Method)
		at sun.reflect.NativeMethodAccessorImpl.invoke(NativeMethodAccessorImpl.java:62)
		at sun.reflect.DelegatingMethodAccessorImpl.invoke(DelegatingMethodAccessorImpl.java:43)
		at java.lang.reflect.Method.invoke(Method.java:498)
		at org.apache.catalina.startup.Bootstrap.start(Bootstrap.java:345)
		at org.apache.catalina.startup.Bootstrap.main(Bootstrap.java:476)
16-Apr-2022 13:07:31.672 INFO [main] org.apache.coyote.AbstractProtocol.pause Pausing ProtocolHandler ["http-nio-8090"]
16-Apr-2022 13:07:31.672 INFO [main] org.apache.catalina.core.StandardService.stopInternal Stopping service [Catalina]
16-Apr-2022 13:07:31.736 INFO [main] org.apache.coyote.AbstractProtocol.stop Stopping ProtocolHandler ["http-nio-8090"]
16-Apr-2022 13:07:31.737 INFO [main] org.apache.coyote.AbstractProtocol.destroy Destroying ProtocolHandler ["http-nio-8090"]
16-Apr-2022 17:47:40.497 INFO [Thread-3] org.apache.coyote.AbstractProtocol.pause Pausing ProtocolHandler ["http-nio-8090"]
16-Apr-2022 17:47:40.538 INFO [Thread-3] org.apache.catalina.core.StandardService.stopInternal Stopping service [Catalina]
16-Apr-2022 17:47:40.713 INFO [Thread-3] org.apache.coyote.AbstractProtocol.stop Stopping ProtocolHandler ["http-nio-8090"]
16-Apr-2022 17:47:40.718 INFO [Thread-3] org.apache.coyote.AbstractProtocol.destroy Destroying ProtocolHandler ["http-nio-8090"]
